<?xml version="1.0" encoding="UTF-8"?>
<!-- Generated by org.testng.reporters.JUnitXMLReporter -->
<testsuite hostname="SarithaChandrahas" ignored="0" name="Command line test" tests="6" failures="0" timestamp="2021-08-30T14:11:37 EDT" time="0.126" errors="0">
  <testcase name="iosApp" time="0.008" classname="mavenexample.AppiumTest"/>
  <testcase name="nativeAndroidApp" time="0.0" classname="mavenexample.AppiumTest"/>
  <testcase name="importTest" time="0.001" classname="mavenexample.RestApiTest"/>
  <testcase name="postJira" time="0.0" classname="mavenexample.RestApiTest"/>
  <testcase name="BrowserAutomation" time="0.0" classname="mavenexample.SeleniumTest"/>
  <testcase name="ElementsUI" time="0.0" classname="mavenexample.SeleniumTest"/>
</testsuite> <!-- Command line test -->
